<?xml version='1.0' encoding='UTF-8'?>
<testsuite hostname="C02DR68XMD6R" name="SweetTreatTest" tests="7" errors="0" failures="0" skipped="0" time="1.875" timestamp="2021-06-23T17:03:47">
          <properties>
      <property name="java.specification.version" value="15"/><property name="sun.jnu.encoding" value="UTF-8"/><property name="sun.arch.data.model" value="64"/><property name="java.vendor.url" value="https://openjdk.java.net/"/><property name="sun.boot.library.path" value="/usr/local/Cellar/openjdk/15.0.2/libexec/openjdk.jdk/Contents/Home/lib"/><property name="sun.java.command" value="/usr/local/Cellar/sbt/1.5.2/libexec/bin/sbt-launch.jar test"/><property name="jdk.debug" value="release"/><property name="java.specification.vendor" value="Oracle Corporation"/><property name="java.version.date" value="2021-01-19"/><property name="java.home" value="/usr/local/Cellar/openjdk/15.0.2/libexec/openjdk.jdk/Contents/Home"/><property name="file.separator" value="/"/><property name="java.vm.compressedOopsMode" value="Zero based"/><property name="line.separator" value="
"/><property name="java.vm.specification.vendor" value="Oracle Corporation"/><property name="java.specification.name" value="Java Platform API Specification"/><property name="sun.management.compiler" value="HotSpot 64-Bit Tiered Compilers"/><property name="java.runtime.version" value="15.0.2+7"/><property name="user.name" value="ekipkalir"/><property name="log4j.ignoreTCL" value="true"/><property name="file.encoding" value="UTF-8"/><property name="jnidispatch.path" value="/Users/ekipkalir/Library/Caches/JNA/temp/jna11996183864953288861.tmp"/><property name="jna.loaded" value="true"/><property name="java.io.tmpdir" value="/var/folders/tr/phl6y4s91n15xyrmv78v30y40000gp/T/"/><property name="java.version" value="15.0.2"/><property name="java.vm.specification.name" value="Java Virtual Machine Specification"/><property name="java.library.path" value="/Users/ekipkalir/Library/Java/Extensions:/Library/Java/Extensions:/Network/Library/Java/Extensions:/System/Library/Java/Extensions:/usr/lib/java:."/><property name="java.vendor" value="N/A"/><property name="scala.ext.dirs" value="/Users/ekipkalir/.sbt/1.0/java9-rt-ext-n_a_15_0_2"/><property name="sun.io.unicode.encoding" value="UnicodeBig"/><property name="socksNonProxyHosts" value="local|*.local|169.254/16|*.169.254/16"/><property name="java.class.path" value="/usr/local/Cellar/sbt/1.5.2/libexec/bin/sbt-launch.jar"/><property name="java.vm.vendor" value="Oracle Corporation"/><property name="jline.shutdownhook" value="false"/><property name="user.timezone" value="Europe/London"/><property name="java.vm.specification.version" value="15"/><property name="os.name" value="Mac OS X"/><property name="sun.java.launcher" value="SUN_STANDARD"/><property name="user.country" value="GB"/><property name="http.nonProxyHosts" value="local|*.local|169.254/16|*.169.254/16"/><property name="sun.cpu.endian" value="little"/><property name="user.home" value="/Users/ekipkalir"/><property name="user.language" value="en"/><property name="swoval.tmpdir" value="/Users/ekipkalir/.sbt/1.0"/><property name="jline.esc.timeout" value="0"/><property name="ftp.nonProxyHosts" value="local|*.local|169.254/16|*.169.254/16"/><property name="path.separator" value=":"/><property name="os.version" value="11.4"/><property name="jna.nosys" value="true"/><property name="java.runtime.name" value="OpenJDK Runtime Environment"/><property name="java.vm.name" value="OpenJDK 64-Bit Server VM"/><property name="jna.platform.library.path" value="/usr/lib:/usr/lib"/><property name="java.vendor.url.bug" value="https://bugreport.java.com/bugreport/"/><property name="user.dir" value="/Users/ekipkalir/00_EK_Capgemini_Business/scala_projects/sweet-treat-scala-project"/><property name="os.arch" value="x86_64"/><property name="java.vm.info" value="mixed mode, sharing"/><property name="java.vm.version" value="15.0.2+7"/><property name="java.class.version" value="59.0"/>
    </properties>
          <testcase classname="SweetTreatTest" name="readyCourier method in SweetTreat.scala should gives the valid range when the range is between 9-13 is true" time="1.422">
                      
                    </testcase><testcase classname="SweetTreatTest" name="readyCourier method in SweetTreat.scala should gives the invalid range when the range is not between 9-13 is false" time="0.099">
                      
                    </testcase><testcase classname="SweetTreatTest" name="availableDistance method in SweetTreat.scala should gives the valid distance when the distance is not more then 5 is true" time="0.078">
                      
                    </testcase><testcase classname="SweetTreatTest" name="availableDistance method in SweetTreat.scala should gives the invalid distance when the distance is greater then 5 is false" time="0.074">
                      
                    </testcase><testcase classname="SweetTreatTest" name="availableRefrigerator method in SweetTreat.scala should give the valid refrigerator when the Order.needRefrigerator is valid, returns true" time="0.067">
                      
                    </testcase><testcase classname="SweetTreatTest" name="availableRefrigerator method in SweetTreat.scala should is invalid refrigerator when the Order.needRefrigerator is not valid, returns false" time="0.068">
                      
                    </testcase><testcase classname="SweetTreatTest" name="smallestCost method in SweetTreat.scala should give the valid cost when the ListOfCourier is valid, returns true" time="0.067">
                      
                    </testcase>
          <system-out><![CDATA[]]></system-out>
          <system-err><![CDATA[]]></system-err>
        </testsuite>